[E:4b5db28f-76c3-4d3b-8daf-48ceb3a91336][R:5015e69a-291b-4eca-9574-91a2e41c2172][T:2026-03-08 21:40:04.362241][J:c561bcf7-d45b-4cb5-9cc0-89b9ac8efed7][A:train#f8700984-b368-4626-85cc-2473ab0d957a]received task from server
[E:4a999f9c-6b17-462b-8b40-d50c74e8532a][T:2026-03-08 21:40:04.362584][J:c561bcf7-d45b-4cb5-9cc0-89b9ac8efed7][A:train#f8700984-b368-4626-85cc-2473ab0d957a]invoked executor NIDSTrainer
[E:f5eb3b7b-aeec-4a77-974d-d95d4ff0317c][R:5015e69a-291b-4eca-9574-91a2e41c2172][T:2026-03-08 21:41:26.750048][J:c561bcf7-d45b-4cb5-9cc0-89b9ac8efed7][A:train#f8700984-b368-4626-85cc-2473ab0d957a]submit result OK
[E:00d04177-63aa-4622-b16c-a89723856e57][R:d54df4a4-3627-4e88-a16d-aea81d0b8aeb][T:2026-03-08 21:41:28.865828][J:c561bcf7-d45b-4cb5-9cc0-89b9ac8efed7][A:train#5054de9a-e01c-4ae1-bf0e-ac26bbcf6b70]received task from server
[E:1d0a9ead-9c47-4139-9083-3814ad097202][T:2026-03-08 21:41:28.866227][J:c561bcf7-d45b-4cb5-9cc0-89b9ac8efed7][A:train#5054de9a-e01c-4ae1-bf0e-ac26bbcf6b70]invoked executor NIDSTrainer
[E:79180d16-4b9a-46b5-99cc-bd8c5ac368fd][R:d54df4a4-3627-4e88-a16d-aea81d0b8aeb][T:2026-03-08 21:42:45.939874][J:c561bcf7-d45b-4cb5-9cc0-89b9ac8efed7][A:train#5054de9a-e01c-4ae1-bf0e-ac26bbcf6b70]submit result OK
[E:c002fa3f-abd0-4f11-b429-1588acd64b31][R:5c64b429-a652-45ed-b319-6d3e4060c0a4][T:2026-03-08 21:42:48.041625][J:c561bcf7-d45b-4cb5-9cc0-89b9ac8efed7][A:train#69e1e71a-4ade-4291-8d56-30a17f4f15cb]received task from server
[E:1ae2c7a8-6fbb-4ebb-9f46-46aabb031f06][T:2026-03-08 21:42:48.041978][J:c561bcf7-d45b-4cb5-9cc0-89b9ac8efed7][A:train#69e1e71a-4ade-4291-8d56-30a17f4f15cb]invoked executor NIDSTrainer
[E:42b144bb-28a8-46f8-9baa-d04c315c14d1][R:5c64b429-a652-45ed-b319-6d3e4060c0a4][T:2026-03-08 21:44:04.320658][J:c561bcf7-d45b-4cb5-9cc0-89b9ac8efed7][A:train#69e1e71a-4ade-4291-8d56-30a17f4f15cb]submit result OK
[E:58dc7bf3-9fac-437f-b714-213c1cc35180][R:b0ed2d65-b248-4157-a45a-7842934e0bd2][T:2026-03-08 21:44:06.417018][J:c561bcf7-d45b-4cb5-9cc0-89b9ac8efed7][A:train#e39faf96-ca69-4920-9868-a0501961a7f6]received task from server
[E:396c64a1-1a13-46ae-a569-be59fc69cd48][T:2026-03-08 21:44:06.417412][J:c561bcf7-d45b-4cb5-9cc0-89b9ac8efed7][A:train#e39faf96-ca69-4920-9868-a0501961a7f6]invoked executor NIDSTrainer
[E:b58f9a3b-d991-4c11-b962-a1fad5fc32f6][R:b0ed2d65-b248-4157-a45a-7842934e0bd2][T:2026-03-08 21:45:27.553097][J:c561bcf7-d45b-4cb5-9cc0-89b9ac8efed7][A:train#e39faf96-ca69-4920-9868-a0501961a7f6]submit result OK
[E:383d1405-8eff-4932-a535-ce32aba4717b][R:6185e1a5-47f6-402d-89eb-9fb9bc16d2a8][T:2026-03-08 21:45:29.650202][J:c561bcf7-d45b-4cb5-9cc0-89b9ac8efed7][A:train#a4be9a4c-2c99-4d5f-9e6f-697a7a1e5bde]received task from server
[E:5a5617e3-899b-47af-a766-4c5f5aa09ba9][T:2026-03-08 21:45:29.650565][J:c561bcf7-d45b-4cb5-9cc0-89b9ac8efed7][A:train#a4be9a4c-2c99-4d5f-9e6f-697a7a1e5bde]invoked executor NIDSTrainer
[E:324b5065-28bb-4464-9cf7-223fb15ba925][R:6185e1a5-47f6-402d-89eb-9fb9bc16d2a8][T:2026-03-08 21:46:40.279799][J:c561bcf7-d45b-4cb5-9cc0-89b9ac8efed7][A:train#a4be9a4c-2c99-4d5f-9e6f-697a7a1e5bde]submit result OK
[E:6c19528c-ffab-4300-bf7d-ee075c2390bc][R:c2a16ee8-8d55-4ef2-a5ae-99c19415ab32][T:2026-03-08 21:46:42.376179][J:c561bcf7-d45b-4cb5-9cc0-89b9ac8efed7][A:train#c794eb3c-21ed-436b-863c-55d683acae8a]received task from server
[E:20caf075-0afc-4ce0-a467-5d7e3d5506bd][T:2026-03-08 21:46:42.376549][J:c561bcf7-d45b-4cb5-9cc0-89b9ac8efed7][A:train#c794eb3c-21ed-436b-863c-55d683acae8a]invoked executor NIDSTrainer
[E:9d6775c3-21f6-4de0-b4ad-026fb416c1b3][R:c2a16ee8-8d55-4ef2-a5ae-99c19415ab32][T:2026-03-08 21:48:06.043408][J:c561bcf7-d45b-4cb5-9cc0-89b9ac8efed7][A:train#c794eb3c-21ed-436b-863c-55d683acae8a]submit result OK
[E:4f6e66e3-971e-44e3-92ce-2d792088f126][R:35abcb5e-efdf-421a-be4e-f98273460ecb][T:2026-03-08 21:48:08.139224][J:c561bcf7-d45b-4cb5-9cc0-89b9ac8efed7][A:train#f8592e4f-8787-4943-8202-b3b24c6e9eae]received task from server
[E:a5bfd2de-bf36-458f-ac82-d1ca0ba266a6][T:2026-03-08 21:48:08.139589][J:c561bcf7-d45b-4cb5-9cc0-89b9ac8efed7][A:train#f8592e4f-8787-4943-8202-b3b24c6e9eae]invoked executor NIDSTrainer
[E:01ae96c3-46c2-437a-ab77-8424515065e6][R:35abcb5e-efdf-421a-be4e-f98273460ecb][T:2026-03-08 21:49:33.712799][J:c561bcf7-d45b-4cb5-9cc0-89b9ac8efed7][A:train#f8592e4f-8787-4943-8202-b3b24c6e9eae]submit result OK
[E:a98864b0-ddeb-4e23-9aa7-7d7120e8bdac][R:b6159722-f3b7-462b-8b96-d968b458b4fb][T:2026-03-08 21:49:35.808984][J:c561bcf7-d45b-4cb5-9cc0-89b9ac8efed7][A:train#fc09a343-13b6-4ded-9c76-8add2821b5ef]received task from server
[E:3e3d53f2-33c4-4f41-9228-16a2d0e3a8e7][T:2026-03-08 21:49:35.809339][J:c561bcf7-d45b-4cb5-9cc0-89b9ac8efed7][A:train#fc09a343-13b6-4ded-9c76-8add2821b5ef]invoked executor NIDSTrainer
[E:7349abad-fdb3-4224-a03b-7c6558f8b417][R:b6159722-f3b7-462b-8b96-d968b458b4fb][T:2026-03-08 21:50:54.607834][J:c561bcf7-d45b-4cb5-9cc0-89b9ac8efed7][A:train#fc09a343-13b6-4ded-9c76-8add2821b5ef]submit result OK
[E:3c82eea8-76cd-4ce5-bde6-c8762f3c7fb1][R:be0e46b1-e503-4a52-9566-b13160489a2b][T:2026-03-08 21:50:56.705273][J:c561bcf7-d45b-4cb5-9cc0-89b9ac8efed7][A:train#1422556f-27af-43ab-ae19-a541b28164fc]received task from server
[E:4d0177bf-492b-4418-a66c-c779b90c2d68][T:2026-03-08 21:50:56.705613][J:c561bcf7-d45b-4cb5-9cc0-89b9ac8efed7][A:train#1422556f-27af-43ab-ae19-a541b28164fc]invoked executor NIDSTrainer
[E:0ae4b054-fb91-45cb-a8be-a30685541ba0][R:be0e46b1-e503-4a52-9566-b13160489a2b][T:2026-03-08 21:52:16.976328][J:c561bcf7-d45b-4cb5-9cc0-89b9ac8efed7][A:train#1422556f-27af-43ab-ae19-a541b28164fc]submit result OK
[E:0f0f286c-3a38-48c2-a2f1-1662f37cd5c3][R:dc5fdab0-a16a-4eb4-8077-f0522a2d53a7][T:2026-03-08 21:52:19.074259][J:c561bcf7-d45b-4cb5-9cc0-89b9ac8efed7][A:train#a2f4a1e2-5949-42ee-af18-04aa91ae154d]received task from server
[E:e69ac3f3-1f7a-4601-91d0-4ccef0f8e0f4][T:2026-03-08 21:52:19.074613][J:c561bcf7-d45b-4cb5-9cc0-89b9ac8efed7][A:train#a2f4a1e2-5949-42ee-af18-04aa91ae154d]invoked executor NIDSTrainer
[E:384c5628-14e1-49da-b05c-c6178b72943b][R:dc5fdab0-a16a-4eb4-8077-f0522a2d53a7][T:2026-03-08 21:53:40.669813][J:c561bcf7-d45b-4cb5-9cc0-89b9ac8efed7][A:train#a2f4a1e2-5949-42ee-af18-04aa91ae154d]submit result OK
