[E:5ea39f7a-723d-406b-be43-522e171187f3][T:2026-03-08 16:27:37.786684][U:?][A:_cert_login admin@nvidia.com]
[E:6f8a056e-f21a-46c9-b03b-9b44a1274043][T:2026-03-08 16:36:53.775949][U:admin@nvidia.com][A:check_status server]
[E:10f651c3-2376-4128-8705-1afda66e64b9][T:2026-03-08 16:37:00.691694][U:admin@nvidia.com][A:check_status client]
[E:a2e90590-c0f3-4320-8455-69c4f4c16fe0][T:2026-03-08 16:39:26.535542][U:admin@nvidia.com][A:shutdown all]
[E:1841c122-81df-4932-9375-244c06db2d8f][T:2026-03-08 16:42:14.492019][U:?][A:_cert_login admin@nvidia.com]
[E:47afe998-9f2d-4432-8b30-83878f43067d][T:2026-03-08 16:44:23.017118][U:admin@nvidia.com][A:shutdown all]
[E:3c3e1eb5-1040-4e51-9db7-306bab9f6099][T:2026-03-08 21:06:58.087771][U:?][A:_cert_login admin@nvidia.com]
[E:77ace31f-09a8-4556-adf2-aa97de19f260][T:2026-03-08 21:10:26.526120][U:admin@nvidia.com][A:job_mgmt.submit_job nids_fedavg]
[E:0ea0d383-1a6b-4427-9752-5ada5240d24a][T:2026-03-08 21:14:18.527755][U:admin@nvidia.com][A:shutdown all]
[E:084e6974-be23-42f0-8c86-b8c90487ea03][T:2026-03-08 21:18:18.993362][U:?][A:_cert_login admin@nvidia.com]
[E:795d9130-9c22-4bad-b75e-c35087bcaee1][T:2026-03-08 21:18:35.886779][U:admin@nvidia.com][A:job_mgmt.submit_job nids_fedavg]
[E:d300cdd4-9886-44ec-9d12-acc26e8e8ee4][T:2026-03-08 21:22:48.424891][U:?][A:_cert_login admin@nvidia.com]
[E:b553a444-0dd1-4adb-8859-e21cdd4cd94d][T:2026-03-08 21:23:35.830024][U:admin@nvidia.com][A:shutdown all]
[E:5711807a-b3e5-498d-991c-3f9872c4bc9e][T:2026-03-08 21:24:13.496965][U:?][A:_cert_login admin@nvidia.com]
[E:d86f1802-30e9-43ae-896c-a9da5ebae24e][T:2026-03-08 21:24:29.092445][U:admin@nvidia.com][A:job_mgmt.submit_job nids_fedavg]
[E:a02a8e89-0e76-4e15-a550-5e6a97bda1af][T:2026-03-08 21:27:07.812366][U:admin@nvidia.com][A:shutdown all]
[E:25130c1a-548d-46e0-baa2-161480eb0914][T:2026-03-08 21:27:46.119689][U:?][A:_cert_login admin@nvidia.com]
[E:2bcca09a-e657-4d85-b5aa-1e3d03ce2e82][T:2026-03-08 21:28:08.391658][U:admin@nvidia.com][A:job_mgmt.submit_job nids_fedavg]
[E:a33facca-4e81-4ef5-be47-6ebf4c9fdbd1][T:2026-03-08 21:28:29.278459][U:admin@nvidia.com][A:shutdown all]
[E:a712c291-fe9e-4a27-b888-02305c084c87][T:2026-03-08 21:31:30.183362][U:?][A:_cert_login admin@nvidia.com]
[E:bbdfab4f-7a90-4c2d-af01-528713746554][T:2026-03-08 21:31:44.704712][U:admin@nvidia.com][A:job_mgmt.submit_job nids_fedavg]
[E:4c502c41-c617-4b65-8ff7-3a3f72e246a8][T:2026-03-08 21:32:05.919705][U:admin@nvidia.com][A:shutdown all]
[E:50289f47-030a-4410-ae32-8805193f2cb7][T:2026-03-08 21:35:08.134389][U:?][A:_cert_login admin@nvidia.com]
[E:3a709884-bc3a-49b5-b774-098321f02b20][T:2026-03-08 21:35:16.290302][U:admin@nvidia.com][A:job_mgmt.submit_job nids_fedavg]
[E:b01e7681-ffe7-462a-b6ce-41219161de97][T:2026-03-08 21:35:32.258972][U:admin@nvidia.com][A:shutdown all -y]
[E:de5ccac6-6451-488f-826b-13251ce4e642][T:2026-03-08 21:39:44.186921][U:?][A:_cert_login admin@nvidia.com]
[E:a0bc0a82-64b5-49fd-a215-530b708b09e9][T:2026-03-08 21:40:00.416230][U:admin@nvidia.com][A:job_mgmt.submit_job nids_fedavg]
[E:2813bc22-57b2-4b18-81ea-fd6a4628be7d][T:2026-03-08 21:55:01.306027][U:admin@nvidia.com][A:_logout]
[E:d755e372-787f-4e57-ae24-7de1bdaadb34][T:2026-03-08 22:16:39.080617][U:?][A:_cert_login admin@nvidia.com]
[E:b2b6b36f-668c-4693-b4ca-13750f59e010][T:2026-03-08 22:16:49.661702][U:admin@nvidia.com][A:job_mgmt.download_job c561bcf7-d45b-4cb5-9cc0-89b9ac8efed7]
[E:079262a6-58de-4156-8695-1f1e613e2f4a][T:2026-03-08 22:31:50.267825][U:admin@nvidia.com][A:_logout]
