[E:4c7bd13d-92a3-49cd-899c-5c77d619a5f2][R:10f651c3-2376-4128-8705-1afda66e64b9][T:2026-03-08 16:37:00.692509][U:admin@nvidia.com][A:train.check_status]
[E:8a7dbe13-4b91-4400-844d-c99cf8a9dba9][R:a2e90590-c0f3-4320-8455-69c4f4c16fe0][T:2026-03-08 16:39:26.536315][U:admin@nvidia.com][A:train.shutdown]
[E:19db9616-9a99-48b1-adc1-744b07f42739][R:47afe998-9f2d-4432-8b30-83878f43067d][T:2026-03-08 16:44:23.018024][U:admin@nvidia.com][A:train.shutdown]
[E:0a19883b-24ff-426d-8f6a-0fcfb9e29932][T:2026-03-08 21:10:26.635309][U:admin@nvidia.com][A:train.deploy]
[E:f2750dff-c3cb-4770-accc-8876f474350f][T:2026-03-08 21:10:26.660536][U:][A:train.start_job]
[E:98051373-87ee-41f5-8ffb-55f472227cc2][T:2026-03-08 21:10:32.593728][U:][A:train.abort]
[E:a9404b36-247e-4bc0-b0bf-7b74ed639283][R:0ea0d383-1a6b-4427-9752-5ada5240d24a][T:2026-03-08 21:14:18.529183][U:admin@nvidia.com][A:train.shutdown]
[E:e3d7904f-be0c-44e9-9b44-faeb69f7c675][T:2026-03-08 21:18:36.430165][U:admin@nvidia.com][A:train.deploy]
[E:eae30fb1-baf3-4a34-aa47-42c86a5f89a8][T:2026-03-08 21:18:36.450850][U:][A:train.start_job]
[E:8fc31790-1cc2-4c1f-9657-1aca67585514][T:2026-03-08 21:18:40.663072][U:][A:train.notify_job_status]
[E:f034d61f-afdc-4fc8-9783-31b654c8e817][T:2026-03-08 21:18:45.415513][U:][A:train.abort]
[E:8da94b83-1985-4d53-97a9-e4214a4ae175][R:b553a444-0dd1-4adb-8859-e21cdd4cd94d][T:2026-03-08 21:23:35.830781][U:admin@nvidia.com][A:train.shutdown]
[E:7d3e7898-73c0-4a99-a5b7-fef3fa765bae][T:2026-03-08 21:24:30.074094][U:admin@nvidia.com][A:train.deploy]
[E:9ad40459-5371-490d-a770-9ce727a9f17d][T:2026-03-08 21:24:30.094622][U:][A:train.start_job]
[E:9b85c60f-006c-4c6e-b5a3-4a62bddf00ad][T:2026-03-08 21:25:49.064712][U:][A:train.abort]
[E:a33efb32-bc47-41f1-aa76-59e1b8892ae2][R:a02a8e89-0e76-4e15-a550-5e6a97bda1af][T:2026-03-08 21:27:07.813205][U:admin@nvidia.com][A:train.shutdown]
[E:0c5ad179-2904-441d-af46-079e18586191][T:2026-03-08 21:28:08.638008][U:admin@nvidia.com][A:train.deploy]
[E:25c7dae3-91f1-4833-ae7a-f0c417fb8c98][T:2026-03-08 21:28:08.660400][U:][A:train.start_job]
[E:612a616c-74b2-4056-8ae2-b16ab49aa36a][T:2026-03-08 21:28:11.851668][U:][A:train.notify_job_status]
[E:e081ca7b-61a3-4982-baa5-cdc45621e7be][T:2026-03-08 21:28:15.162653][U:][A:train.notify_job_status]
[E:995a9862-29f7-4404-8f41-2406587591bb][T:2026-03-08 21:28:17.622063][U:][A:train.abort]
[E:4e6068d2-9450-4338-924e-80a048f5a5a8][R:a33facca-4e81-4ef5-be47-6ebf4c9fdbd1][T:2026-03-08 21:28:29.279272][U:admin@nvidia.com][A:train.shutdown]
[E:0570cd77-5b39-490a-84c4-277920a1b5d0][T:2026-03-08 21:31:45.697442][U:admin@nvidia.com][A:train.deploy]
[E:68af8973-a31e-46bb-a67d-89cbc939fd44][T:2026-03-08 21:31:45.718902][U:][A:train.start_job]
[E:ca2ec7e2-b258-4af1-a285-29417b385e32][T:2026-03-08 21:31:48.754134][U:][A:train.notify_job_status]
[E:13fed4b9-519a-438b-8fbe-4738e64cf78a][T:2026-03-08 21:31:51.806991][U:][A:train.notify_job_status]
[E:79635a5d-6aea-4e6a-81af-2a6916f30cee][T:2026-03-08 21:31:54.682744][U:][A:train.abort]
[E:e9f755f7-b7d8-4bc3-88ac-5d3994ab2f90][R:4c502c41-c617-4b65-8ff7-3a3f72e246a8][T:2026-03-08 21:32:05.920532][U:admin@nvidia.com][A:train.shutdown]
[E:e2e043c4-df17-43b6-8a12-d33ad1a892f2][T:2026-03-08 21:35:16.647669][U:admin@nvidia.com][A:train.deploy]
[E:648bfcbd-0b2c-419b-a8ff-8683580dd15c][T:2026-03-08 21:35:16.673000][U:][A:train.start_job]
[E:df0a211a-b9a7-4efd-ae37-68e5f491a157][T:2026-03-08 21:35:19.838920][U:][A:train.notify_job_status]
[E:98ae18f1-6e8a-4a71-a648-67e1c3f68dc3][T:2026-03-08 21:35:22.887611][U:][A:train.notify_job_status]
[E:56b8b330-e299-4487-b06a-a4dbe46086d2][T:2026-03-08 21:35:26.634565][U:][A:train.abort]
[E:d2092033-0a2b-4ca0-a0e6-0683faa8ede0][R:b01e7681-ffe7-462a-b6ce-41219161de97][T:2026-03-08 21:35:32.259821][U:admin@nvidia.com][A:train.shutdown]
[E:06c08ab6-ab8f-42cc-a1bb-e03132f35866][T:2026-03-08 21:40:00.703911][U:admin@nvidia.com][A:train.deploy]
[E:153d58ff-5c0c-4e66-8ad3-c160f2e254e6][T:2026-03-08 21:40:00.725810][U:][A:train.start_job]
[E:e9e68bb4-7da6-4f7a-81fe-785167ef6bff][T:2026-03-08 21:40:03.784591][U:][A:train.notify_job_status]
[E:22be410d-cd7f-46e0-8d64-a87d77298646][T:2026-03-08 21:53:42.751596][U:][A:train.notify_job_status]
